mode: set
github.com/vitaliy-art/itlogs/logger.go:21.38,23.2 1 1
github.com/vitaliy-art/itlogs/logger.go:25.32,27.2 1 1
github.com/vitaliy-art/itlogs/logger.go:31.35,35.2 1 1
github.com/vitaliy-art/itlogs/logger.go:48.37,59.2 1 1
github.com/vitaliy-art/itlogs/logger.go:82.82,85.21 2 1
github.com/vitaliy-art/itlogs/logger.go:93.2,103.15 2 1
github.com/vitaliy-art/itlogs/logger.go:85.21,87.3 1 1
github.com/vitaliy-art/itlogs/logger.go:87.8,88.27 1 1
github.com/vitaliy-art/itlogs/logger.go:88.27,90.4 1 1
github.com/vitaliy-art/itlogs/logger.go:106.74,108.2 1 1
github.com/vitaliy-art/itlogs/logger.go:110.61,112.2 1 1
github.com/vitaliy-art/itlogs/logger.go:114.69,116.2 1 1
github.com/vitaliy-art/itlogs/logger.go:118.56,119.21 1 1
github.com/vitaliy-art/itlogs/logger.go:123.2,123.39 1 1
github.com/vitaliy-art/itlogs/logger.go:127.2,129.15 2 1
github.com/vitaliy-art/itlogs/logger.go:144.2,144.22 1 1
github.com/vitaliy-art/itlogs/logger.go:119.21,121.3 1 1
github.com/vitaliy-art/itlogs/logger.go:123.39,125.3 1 1
github.com/vitaliy-art/itlogs/logger.go:130.13,131.19 1 1
github.com/vitaliy-art/itlogs/logger.go:132.13,133.19 1 1
github.com/vitaliy-art/itlogs/logger.go:134.12,135.18 1 1
github.com/vitaliy-art/itlogs/logger.go:136.15,137.18 1 1
github.com/vitaliy-art/itlogs/logger.go:138.13,139.17 1 1
github.com/vitaliy-art/itlogs/logger.go:140.13,141.19 1 1
github.com/vitaliy-art/itlogs/logger.go:144.22,146.3 1 1
github.com/vitaliy-art/itlogs/logger.go:146.8,148.3 1 1
github.com/vitaliy-art/itlogs/logger.go:151.42,153.2 1 1
github.com/vitaliy-art/itlogs/logger.go:155.42,157.2 1 1
github.com/vitaliy-art/itlogs/logger.go:159.41,161.2 1 1
github.com/vitaliy-art/itlogs/logger.go:163.41,165.2 1 1
github.com/vitaliy-art/itlogs/logger.go:167.42,169.2 1 1
github.com/vitaliy-art/itlogs/logger.go:171.42,173.2 1 1
